<?xml version="1.0" encoding="UTF-8"?>
<testng-results skipped="0" failed="1" total="1" passed="0">
  <reporter-output>
    <line>
      <![CDATA[1 Init test run]]>
    </line>
    <line>
      <![CDATA[1 Run Tests]]>
    </line>
    <line>
      <![CDATA[1 Download driver: chrome X32]]>
    </line>
    <line>
      <![CDATA[1 Login as User(name:elanium@gmail.com; password:123Laina) (LoginForm 'Login Form' (.loginForm; No locator))]]>
    </line>
    <line>
      <![CDATA[1 Test run finished. 
Total test run time: 00:00:08.1]]>
    </line>
  </reporter-output>
  <suite name="Default suite" duration-ms="7962" started-at="2018-12-19T10:08:06Z" finished-at="2018-12-19T10:08:14Z">
    <groups>
    </groups>
    <test name="Default test" duration-ms="7962" started-at="2018-12-19T10:08:06Z" finished-at="2018-12-19T10:08:14Z">
      <class name="org.mytests.tests.example.SimpleTest">
        <test-method status="PASS" signature="jdiSetUp()[pri:0, instance:org.mytests.tests.example.SimpleTest@25bbe1b6]" name="jdiSetUp" is-config="true" duration-ms="364" started-at="2018-12-19T13:08:05Z" finished-at="2018-12-19T13:08:06Z">
          <reporter-output>
            <line>
              <![CDATA[1 Init test run]]>
            </line>
          </reporter-output>
        </test-method> <!-- jdiSetUp -->
        <test-method status="PASS" signature="setUp()[pri:0, instance:org.mytests.tests.example.SimpleTest@25bbe1b6]" name="setUp" is-config="true" duration-ms="53" started-at="2018-12-19T13:08:06Z" depends-on-methods="com.epam.jdi.uitests.web.testng.testRunner.TestNGBase.jdiSetUp" finished-at="2018-12-19T13:08:06Z">
          <reporter-output>
            <line>
              <![CDATA[1 Run Tests]]>
            </line>
          </reporter-output>
        </test-method> <!-- setUp -->
        <test-method status="FAIL" signature="loginTest()[pri:0, instance:org.mytests.tests.example.SimpleTest@25bbe1b6]" name="loginTest" duration-ms="7944" started-at="2018-12-19T13:08:06Z" finished-at="2018-12-19T13:08:14Z">
          <exception class="java.lang.AssertionError">
            <message>
              <![CDATA[Action Login as User(name:elanium@gmail.com; password:123Laina) failed. Can't get result. Reason: Action Login as User(name:elanium@gmail.com; password:123Laina) failed. Can't get result. Reason: Action Submit User(name:elanium@gmail.com; password:123Laina) and press login failed. Can't get result. Reason: Action Submit Name:elanium@gmail.com,Password:123Laina and press login failed. Can't get result. Reason: Action Fill form: Name:elanium@gmail.com,Password:123Laina failed. Can't get result. Reason: Action newInput(elanium@gmail.com) failed. Can't get result. Reason: Action clear failed. Can't get result. Reason: org.openqa.selenium.NoSuchWindowException: no such window: target window already closed
from unknown error: web view not found
  (Session info: chrome=71.0.3578.98)
  (Driver info: chromedriver=72.0.3626.7 (efcef9a3ecda02b2132af215116a03852d08b9cb),platform=Windows NT 6.1.7601 SP1 x86_64) (WARNING: The server did not provide any stacktrace information)
Command duration or timeout: 0 milliseconds
Build info: version: '3.141.59', revision: 'e82be7d358', time: '2018-11-14T08:17:03'
System info: host: 'PHELIKS-PC', ip: '192.168.147.1', os.name: 'Windows 7', os.arch: 'amd64', os.version: '6.1', java.version: '1.8.0_152'
Driver info: org.openqa.selenium.chrome.ChromeDriver
Capabilities {acceptInsecureCerts: false, acceptSslCerts: false, applicationCacheEnabled: false, browserConnectionEnabled: false, browserName: chrome, chrome: {chromedriverVersion: 72.0.3626.7 (efcef9a3ecda02..., userDataDir: C:\Users\Pheliks\AppData\Lo...}, cssSelectorsEnabled: true, databaseEnabled: false, goog:chromeOptions: {debuggerAddress: localhost:58809}, handlesAlerts: true, hasTouchScreen: false, javascriptEnabled: true, locationContextEnabled: true, mobileEmulationEnabled: false, nativeEvents: true, networkConnectionEnabled: false, pageLoadStrategy: normal, platform: XP, platformName: XP, proxy: Proxy(), rotatable: false, setWindowRect: true, takesHeapSnapshot: true, takesScreenshot: true, timeouts: {implicit: 0, pageLoad: 300000, script: 30000}, unexpectedAlertBehaviour: ignore, unhandledPromptBehavior: ignore, version: 71.0.3578.98, webStorageEnabled: true}
Session ID: b5a991580bcb228f8629cd9d3d9c0e0d]]>
            </message>
            <full-stacktrace>
              <![CDATA[java.lang.AssertionError: Action Login as User(name:elanium@gmail.com; password:123Laina) failed. Can't get result. Reason: Action Login as User(name:elanium@gmail.com; password:123Laina) failed. Can't get result. Reason: Action Submit User(name:elanium@gmail.com; password:123Laina) and press login failed. Can't get result. Reason: Action Submit Name:elanium@gmail.com,Password:123Laina and press login failed. Can't get result. Reason: Action Fill form: Name:elanium@gmail.com,Password:123Laina failed. Can't get result. Reason: Action newInput(elanium@gmail.com) failed. Can't get result. Reason: Action clear failed. Can't get result. Reason: org.openqa.selenium.NoSuchWindowException: no such window: target window already closed
from unknown error: web view not found
  (Session info: chrome=71.0.3578.98)
  (Driver info: chromedriver=72.0.3626.7 (efcef9a3ecda02b2132af215116a03852d08b9cb),platform=Windows NT 6.1.7601 SP1 x86_64) (WARNING: The server did not provide any stacktrace information)
Command duration or timeout: 0 milliseconds
Build info: version: '3.141.59', revision: 'e82be7d358', time: '2018-11-14T08:17:03'
System info: host: 'PHELIKS-PC', ip: '192.168.147.1', os.name: 'Windows 7', os.arch: 'amd64', os.version: '6.1', java.version: '1.8.0_152'
Driver info: org.openqa.selenium.chrome.ChromeDriver
Capabilities {acceptInsecureCerts: false, acceptSslCerts: false, applicationCacheEnabled: false, browserConnectionEnabled: false, browserName: chrome, chrome: {chromedriverVersion: 72.0.3626.7 (efcef9a3ecda02..., userDataDir: C:\Users\Pheliks\AppData\Lo...}, cssSelectorsEnabled: true, databaseEnabled: false, goog:chromeOptions: {debuggerAddress: localhost:58809}, handlesAlerts: true, hasTouchScreen: false, javascriptEnabled: true, locationContextEnabled: true, mobileEmulationEnabled: false, nativeEvents: true, networkConnectionEnabled: false, pageLoadStrategy: normal, platform: XP, platformName: XP, proxy: Proxy(), rotatable: false, setWindowRect: true, takesHeapSnapshot: true, takesScreenshot: true, timeouts: {implicit: 0, pageLoad: 300000, script: 30000}, unexpectedAlertBehaviour: ignore, unhandledPromptBehavior: ignore, version: 71.0.3578.98, webStorageEnabled: true}
Session ID: b5a991580bcb228f8629cd9d3d9c0e0d
	at com.epam.jdi.uitests.web.testng.testRunner.TestNGCheck.exception(TestNGCheck.java:37)
	at com.epam.jdi.uitests.core.settings.JDISettings.exception(JDISettings.java:64)
	at com.epam.jdi.uitests.core.aop.ActionProcessor.lambda$2(ActionProcessor.java:90)
	at com.epam.jdi.tools.func.JAction2.execute(JAction2.java:14)
	at com.epam.jdi.uitests.core.aop.ActionProcessor.error(ActionProcessor.java:136)
	at com.epam.jdi.uitests.core.interfaces.composite.IForm.loginAs(IForm.java:289)
	at org.mytests.uiobjects.example.site.JDIExampleSite.login(JDIExampleSite.java:28)
	at org.mytests.tests.example.SimpleTest.loginTest(SimpleTest.java:16)
	at sun.reflect.NativeMethodAccessorImpl.invoke0(Native Method)
	at sun.reflect.NativeMethodAccessorImpl.invoke(Unknown Source)
	at sun.reflect.DelegatingMethodAccessorImpl.invoke(Unknown Source)
	at java.lang.reflect.Method.invoke(Unknown Source)
	at org.testng.internal.MethodInvocationHelper.invokeMethod(MethodInvocationHelper.java:80)
	at org.testng.internal.Invoker.invokeMethod(Invoker.java:714)
	at org.testng.internal.Invoker.invokeTestMethod(Invoker.java:901)
	at org.testng.internal.Invoker.invokeTestMethods(Invoker.java:1231)
	at org.testng.internal.TestMethodWorker.invokeTestMethods(TestMethodWorker.java:127)
	at org.testng.internal.TestMethodWorker.run(TestMethodWorker.java:111)
	at org.testng.TestRunner.privateRun(TestRunner.java:767)
	at org.testng.TestRunner.run(TestRunner.java:617)
	at org.testng.SuiteRunner.runTest(SuiteRunner.java:334)
	at org.testng.SuiteRunner.runSequentially(SuiteRunner.java:329)
	at org.testng.SuiteRunner.privateRun(SuiteRunner.java:291)
	at org.testng.SuiteRunner.run(SuiteRunner.java:240)
	at org.testng.SuiteRunnerWorker.runSuite(SuiteRunnerWorker.java:52)
	at org.testng.SuiteRunnerWorker.run(SuiteRunnerWorker.java:86)
	at org.testng.TestNG.runSuitesSequentially(TestNG.java:1198)
	at org.testng.TestNG.runSuitesLocally(TestNG.java:1123)
	at org.testng.TestNG.run(TestNG.java:1031)
	at org.testng.remote.AbstractRemoteTestNG.run(AbstractRemoteTestNG.java:114)
	at org.testng.remote.RemoteTestNG.initAndRun(RemoteTestNG.java:251)
	at org.testng.remote.RemoteTestNG.main(RemoteTestNG.java:77)
]]>
            </full-stacktrace>
          </exception> <!-- java.lang.AssertionError -->
          <reporter-output>
            <line>
              <![CDATA[1 Download driver: chrome X32]]>
            </line>
            <line>
              <![CDATA[1 Login as User(name:elanium@gmail.com; password:123Laina) (LoginForm 'Login Form' (.loginForm; No locator))]]>
            </line>
          </reporter-output>
        </test-method> <!-- loginTest -->
        <test-method status="PASS" signature="tearDown()[pri:0, instance:org.mytests.tests.example.SimpleTest@25bbe1b6]" name="tearDown" is-config="true" duration-ms="4" started-at="2018-12-19T13:08:14Z" finished-at="2018-12-19T13:08:14Z">
          <reporter-output>
          </reporter-output>
        </test-method> <!-- tearDown -->
        <test-method status="PASS" signature="jdiTearDown()[pri:0, instance:org.mytests.tests.example.SimpleTest@25bbe1b6]" name="jdiTearDown" is-config="true" duration-ms="16" started-at="2018-12-19T13:08:14Z" depends-on-methods="org.mytests.tests.example.TestsInit.tearDown" finished-at="2018-12-19T13:08:14Z">
          <reporter-output>
            <line>
              <![CDATA[1 Test run finished. 
Total test run time: 00:00:08.1]]>
            </line>
          </reporter-output>
        </test-method> <!-- jdiTearDown -->
      </class> <!-- org.mytests.tests.example.SimpleTest -->
    </test> <!-- Default test -->
  </suite> <!-- Default suite -->
</testng-results>
