<?xml version="1.0" encoding="UTF-8"?>
<!-- Generated by org.testng.reporters.JUnitReportReporter -->
<testsuite hostname="Pheliks-PC" name="org.mytests.tests.example.SimpleTest" tests="1" failures="0" timestamp="19 Dec 2018 10:08:14 GMT" time="7.944" errors="1">
  <testcase name="loginTest" time="7.944" classname="org.mytests.tests.example.SimpleTest">
    <error type="java.lang.AssertionError" message="Action Login as User(name:elanium@gmail.com; password:123Laina) failed. Can&#039;t get result. Reason: Action Login as User(name:elanium@gmail.com; password:123Laina) failed. Can&#039;t get result. Reason: Action Submit User(name:elanium@gmail.com; password:123Laina) and press login failed. Can&#039;t get result. Reason: Action Submit Name:elanium@gmail.com,Password:123Laina and press login failed. Can&#039;t get result. Reason: Action Fill form: Name:elanium@gmail.com,Password:123Laina failed. Can&#039;t get result. Reason: Action newInput(elanium@gmail.com) failed. Can&#039;t get result. Reason: Action clear failed. Can&#039;t get result. Reason: org.openqa.selenium.NoSuchWindowException: no such window: target window already closed
from unknown error: web view not found
  (Session info: chrome=71.0.3578.98)
  (Driver info: chromedriver=72.0.3626.7 (efcef9a3ecda02b2132af215116a03852d08b9cb),platform=Windows NT 6.1.7601 SP1 x86_64) (WARNING: The server did not provide any stacktrace information)
Command duration or timeout: 0 milliseconds
Build info: version: &#039;3.141.59&#039;, revision: &#039;e82be7d358&#039;, time: &#039;2018-11-14T08:17:03&#039;
System info: host: &#039;PHELIKS-PC&#039;, ip: &#039;192.168.147.1&#039;, os.name: &#039;Windows 7&#039;, os.arch: &#039;amd64&#039;, os.version: &#039;6.1&#039;, java.version: &#039;1.8.0_152&#039;
Driver info: org.openqa.selenium.chrome.ChromeDriver
Capabilities {acceptInsecureCerts: false, acceptSslCerts: false, applicationCacheEnabled: false, browserConnectionEnabled: false, browserName: chrome, chrome: {chromedriverVersion: 72.0.3626.7 (efcef9a3ecda02..., userDataDir: C:\Users\Pheliks\AppData\Lo...}, cssSelectorsEnabled: true, databaseEnabled: false, goog:chromeOptions: {debuggerAddress: localhost:58809}, handlesAlerts: true, hasTouchScreen: false, javascriptEnabled: true, locationContextEnabled: true, mobileEmulationEnabled: false, nativeEvents: true, networkConnectionEnabled: false, pageLoadStrategy: normal, platform: XP, platformName: XP, proxy: Proxy(), rotatable: false, setWindowRect: true, takesHeapSnapshot: true, takesScreenshot: true, timeouts: {implicit: 0, pageLoad: 300000, script: 30000}, unexpectedAlertBehaviour: ignore, unhandledPromptBehavior: ignore, version: 71.0.3578.98, webStorageEnabled: true}
Session ID: b5a991580bcb228f8629cd9d3d9c0e0d">
      <![CDATA[java.lang.AssertionError: Action Login as User(name:elanium@gmail.com; password:123Laina) failed. Can't get result. Reason: Action Login as User(name:elanium@gmail.com; password:123Laina) failed. Can't get result. Reason: Action Submit User(name:elanium@gmail.com; password:123Laina) and press login failed. Can't get result. Reason: Action Submit Name:elanium@gmail.com,Password:123Laina and press login failed. Can't get result. Reason: Action Fill form: Name:elanium@gmail.com,Password:123Laina failed. Can't get result. Reason: Action newInput(elanium@gmail.com) failed. Can't get result. Reason: Action clear failed. Can't get result. Reason: org.openqa.selenium.NoSuchWindowException: no such window: target window already closed
from unknown error: web view not found
  (Session info: chrome=71.0.3578.98)
  (Driver info: chromedriver=72.0.3626.7 (efcef9a3ecda02b2132af215116a03852d08b9cb),platform=Windows NT 6.1.7601 SP1 x86_64) (WARNING: The server did not provide any stacktrace information)
Command duration or timeout: 0 milliseconds
Build info: version: '3.141.59', revision: 'e82be7d358', time: '2018-11-14T08:17:03'
System info: host: 'PHELIKS-PC', ip: '192.168.147.1', os.name: 'Windows 7', os.arch: 'amd64', os.version: '6.1', java.version: '1.8.0_152'
Driver info: org.openqa.selenium.chrome.ChromeDriver
Capabilities {acceptInsecureCerts: false, acceptSslCerts: false, applicationCacheEnabled: false, browserConnectionEnabled: false, browserName: chrome, chrome: {chromedriverVersion: 72.0.3626.7 (efcef9a3ecda02..., userDataDir: C:\Users\Pheliks\AppData\Lo...}, cssSelectorsEnabled: true, databaseEnabled: false, goog:chromeOptions: {debuggerAddress: localhost:58809}, handlesAlerts: true, hasTouchScreen: false, javascriptEnabled: true, locationContextEnabled: true, mobileEmulationEnabled: false, nativeEvents: true, networkConnectionEnabled: false, pageLoadStrategy: normal, platform: XP, platformName: XP, proxy: Proxy(), rotatable: false, setWindowRect: true, takesHeapSnapshot: true, takesScreenshot: true, timeouts: {implicit: 0, pageLoad: 300000, script: 30000}, unexpectedAlertBehaviour: ignore, unhandledPromptBehavior: ignore, version: 71.0.3578.98, webStorageEnabled: true}
Session ID: b5a991580bcb228f8629cd9d3d9c0e0d
	at com.epam.jdi.uitests.web.testng.testRunner.TestNGCheck.exception(TestNGCheck.java:37)
	at com.epam.jdi.uitests.core.settings.JDISettings.exception(JDISettings.java:64)
	at com.epam.jdi.uitests.core.aop.ActionProcessor.lambda$2(ActionProcessor.java:90)
	at com.epam.jdi.tools.func.JAction2.execute(JAction2.java:14)
	at com.epam.jdi.uitests.core.aop.ActionProcessor.error(ActionProcessor.java:136)
	at com.epam.jdi.uitests.core.interfaces.composite.IForm.loginAs(IForm.java:289)
	at org.mytests.uiobjects.example.site.JDIExampleSite.login(JDIExampleSite.java:28)
	at org.mytests.tests.example.SimpleTest.loginTest(SimpleTest.java:16)
	at sun.reflect.NativeMethodAccessorImpl.invoke0(Native Method)
	at sun.reflect.NativeMethodAccessorImpl.invoke(Unknown Source)
	at sun.reflect.DelegatingMethodAccessorImpl.invoke(Unknown Source)
	at java.lang.reflect.Method.invoke(Unknown Source)
	at org.testng.internal.MethodInvocationHelper.invokeMethod(MethodInvocationHelper.java:80)
	at org.testng.internal.Invoker.invokeMethod(Invoker.java:714)
	at org.testng.internal.Invoker.invokeTestMethod(Invoker.java:901)
	at org.testng.internal.Invoker.invokeTestMethods(Invoker.java:1231)
	at org.testng.internal.TestMethodWorker.invokeTestMethods(TestMethodWorker.java:127)
	at org.testng.internal.TestMethodWorker.run(TestMethodWorker.java:111)
	at org.testng.TestRunner.privateRun(TestRunner.java:767)
	at org.testng.TestRunner.run(TestRunner.java:617)
	at org.testng.SuiteRunner.runTest(SuiteRunner.java:334)
	at org.testng.SuiteRunner.runSequentially(SuiteRunner.java:329)
	at org.testng.SuiteRunner.privateRun(SuiteRunner.java:291)
	at org.testng.SuiteRunner.run(SuiteRunner.java:240)
	at org.testng.SuiteRunnerWorker.runSuite(SuiteRunnerWorker.java:52)
	at org.testng.SuiteRunnerWorker.run(SuiteRunnerWorker.java:86)
	at org.testng.TestNG.runSuitesSequentially(TestNG.java:1198)
	at org.testng.TestNG.runSuitesLocally(TestNG.java:1123)
	at org.testng.TestNG.run(TestNG.java:1031)
	at org.testng.remote.AbstractRemoteTestNG.run(AbstractRemoteTestNG.java:114)
	at org.testng.remote.RemoteTestNG.initAndRun(RemoteTestNG.java:251)
	at org.testng.remote.RemoteTestNG.main(RemoteTestNG.java:77)
]]>
    </error>
  </testcase> <!-- loginTest -->
</testsuite> <!-- org.mytests.tests.example.SimpleTest -->
